[INFO  - 2020-09-10T03:11:14.943Z] GhostDriver - Main - running on port 25173
[INFO  - 2020-09-10T03:11:15.917Z] Session [49f6f130-f313-11ea-a882-c59f1f939df9] - page.settings - {"XSSAuditingEnabled":false,"javascriptCanCloseWindows":true,"javascriptCanOpenWindows":true,"javascriptEnabled":true,"loadImages":true,"localToRemoteUrlAccessEnabled":false,"userAgent":"Mozilla/5.0 (Windows NT 6.2; WOW64) AppleWebKit/538.1 (KHTML, like Gecko) PhantomJS/2.1.1 Safari/538.1","webSecurityEnabled":true}
[INFO  - 2020-09-10T03:11:15.917Z] Session [49f6f130-f313-11ea-a882-c59f1f939df9] - page.customHeaders:  - {}
[INFO  - 2020-09-10T03:11:15.917Z] Session [49f6f130-f313-11ea-a882-c59f1f939df9] - Session.negotiatedCapabilities - {"browserName":"phantomjs","version":"2.1.1","driverName":"ghostdriver","driverVersion":"1.2.0","platform":"windows-10-32bit","javascriptEnabled":true,"takesScreenshot":true,"handlesAlerts":false,"databaseEnabled":false,"locationContextEnabled":false,"applicationCacheEnabled":false,"browserConnectionEnabled":false,"cssSelectorsEnabled":true,"webStorageEnabled":false,"rotatable":false,"acceptSslCerts":false,"nativeEvents":true,"proxy":{"proxyType":"direct"}}
[INFO  - 2020-09-10T03:11:15.918Z] SessionManagerReqHand - _postNewSessionCommand - New Session Created: 49f6f130-f313-11ea-a882-c59f1f939df9
[INFO  - 2020-09-10T03:11:20.846Z] ShutdownReqHand - _handle - About to shutdown
[INFO  - 2020-09-10T03:16:59.785Z] GhostDriver - Main - running on port 16446
[INFO  - 2020-09-10T03:17:00.565Z] Session [176482e0-f314-11ea-bcad-33d5024e4823] - page.settings - {"XSSAuditingEnabled":false,"javascriptCanCloseWindows":true,"javascriptCanOpenWindows":true,"javascriptEnabled":true,"loadImages":true,"localToRemoteUrlAccessEnabled":false,"userAgent":"Mozilla/5.0 (Windows NT 6.2; WOW64) AppleWebKit/538.1 (KHTML, like Gecko) PhantomJS/2.1.1 Safari/538.1","webSecurityEnabled":true}
[INFO  - 2020-09-10T03:17:00.566Z] Session [176482e0-f314-11ea-bcad-33d5024e4823] - page.customHeaders:  - {}
[INFO  - 2020-09-10T03:17:00.566Z] Session [176482e0-f314-11ea-bcad-33d5024e4823] - Session.negotiatedCapabilities - {"browserName":"phantomjs","version":"2.1.1","driverName":"ghostdriver","driverVersion":"1.2.0","platform":"windows-10-32bit","javascriptEnabled":true,"takesScreenshot":true,"handlesAlerts":false,"databaseEnabled":false,"locationContextEnabled":false,"applicationCacheEnabled":false,"browserConnectionEnabled":false,"cssSelectorsEnabled":true,"webStorageEnabled":false,"rotatable":false,"acceptSslCerts":false,"nativeEvents":true,"proxy":{"proxyType":"direct"}}
[INFO  - 2020-09-10T03:17:00.566Z] SessionManagerReqHand - _postNewSessionCommand - New Session Created: 176482e0-f314-11ea-bcad-33d5024e4823
[ERROR - 2020-09-10T03:17:02.843Z] Session [176482e0-f314-11ea-bcad-33d5024e4823] - page.onError - msg: TypeError: Attempted to assign to readonly property.
[ERROR - 2020-09-10T03:17:02.843Z] Session [176482e0-f314-11ea-bcad-33d5024e4823] - page.onError - stack:
  (anonymous function) (https://csdnimg.cn/release/phoenix/production/pc_wap_common-938ca023c9.js:1)
[INFO  - 2020-09-10T03:18:31.427Z] GhostDriver - Main - running on port 24524
[INFO  - 2020-09-10T03:18:32.536Z] Session [4e362c10-f314-11ea-8b85-7df2c6fa811a] - page.settings - {"XSSAuditingEnabled":false,"javascriptCanCloseWindows":true,"javascriptCanOpenWindows":true,"javascriptEnabled":true,"loadImages":true,"localToRemoteUrlAccessEnabled":false,"userAgent":"Mozilla/5.0 (Windows NT 6.2; WOW64) AppleWebKit/538.1 (KHTML, like Gecko) PhantomJS/2.1.1 Safari/538.1","webSecurityEnabled":true}
[INFO  - 2020-09-10T03:18:32.536Z] Session [4e362c10-f314-11ea-8b85-7df2c6fa811a] - page.customHeaders:  - {}
[INFO  - 2020-09-10T03:18:32.536Z] Session [4e362c10-f314-11ea-8b85-7df2c6fa811a] - Session.negotiatedCapabilities - {"browserName":"phantomjs","version":"2.1.1","driverName":"ghostdriver","driverVersion":"1.2.0","platform":"windows-10-32bit","javascriptEnabled":true,"takesScreenshot":true,"handlesAlerts":false,"databaseEnabled":false,"locationContextEnabled":false,"applicationCacheEnabled":false,"browserConnectionEnabled":false,"cssSelectorsEnabled":true,"webStorageEnabled":false,"rotatable":false,"acceptSslCerts":false,"nativeEvents":true,"proxy":{"proxyType":"direct"}}
[INFO  - 2020-09-10T03:18:32.537Z] SessionManagerReqHand - _postNewSessionCommand - New Session Created: 4e362c10-f314-11ea-8b85-7df2c6fa811a
[INFO  - 2020-09-10T03:18:37.024Z] ShutdownReqHand - _handle - About to shutdown
[INFO  - 2020-09-10T03:24:05.268Z] GhostDriver - Main - running on port 4167
[INFO  - 2020-09-10T03:24:05.976Z] Session [14f49ee0-f315-11ea-a5e2-77630b5b47f2] - page.settings - {"XSSAuditingEnabled":false,"javascriptCanCloseWindows":true,"javascriptCanOpenWindows":true,"javascriptEnabled":true,"loadImages":true,"localToRemoteUrlAccessEnabled":false,"userAgent":"Mozilla/5.0 (Windows NT 6.2; WOW64) AppleWebKit/538.1 (KHTML, like Gecko) PhantomJS/2.1.1 Safari/538.1","webSecurityEnabled":true}
[INFO  - 2020-09-10T03:24:05.976Z] Session [14f49ee0-f315-11ea-a5e2-77630b5b47f2] - page.customHeaders:  - {}
[INFO  - 2020-09-10T03:24:05.976Z] Session [14f49ee0-f315-11ea-a5e2-77630b5b47f2] - Session.negotiatedCapabilities - {"browserName":"phantomjs","version":"2.1.1","driverName":"ghostdriver","driverVersion":"1.2.0","platform":"windows-10-32bit","javascriptEnabled":true,"takesScreenshot":true,"handlesAlerts":false,"databaseEnabled":false,"locationContextEnabled":false,"applicationCacheEnabled":false,"browserConnectionEnabled":false,"cssSelectorsEnabled":true,"webStorageEnabled":false,"rotatable":false,"acceptSslCerts":false,"nativeEvents":true,"proxy":{"proxyType":"direct"}}
[INFO  - 2020-09-10T03:24:05.976Z] SessionManagerReqHand - _postNewSessionCommand - New Session Created: 14f49ee0-f315-11ea-a5e2-77630b5b47f2
[INFO  - 2020-09-10T03:24:10.498Z] ShutdownReqHand - _handle - About to shutdown
[INFO  - 2020-09-10T03:43:34.117Z] GhostDriver - Main - running on port 24491
[INFO  - 2020-09-10T03:43:34.670Z] Session [cd8d5350-f317-11ea-93df-019d8281c8e8] - page.settings - {"XSSAuditingEnabled":false,"javascriptCanCloseWindows":true,"javascriptCanOpenWindows":true,"javascriptEnabled":true,"loadImages":true,"localToRemoteUrlAccessEnabled":false,"userAgent":"Mozilla/5.0 (Windows NT 6.2; WOW64) AppleWebKit/538.1 (KHTML, like Gecko) PhantomJS/2.1.1 Safari/538.1","webSecurityEnabled":true}
[INFO  - 2020-09-10T03:43:34.670Z] Session [cd8d5350-f317-11ea-93df-019d8281c8e8] - page.customHeaders:  - {}
[INFO  - 2020-09-10T03:43:34.670Z] Session [cd8d5350-f317-11ea-93df-019d8281c8e8] - Session.negotiatedCapabilities - {"browserName":"phantomjs","version":"2.1.1","driverName":"ghostdriver","driverVersion":"1.2.0","platform":"windows-10-32bit","javascriptEnabled":true,"takesScreenshot":true,"handlesAlerts":false,"databaseEnabled":false,"locationContextEnabled":false,"applicationCacheEnabled":false,"browserConnectionEnabled":false,"cssSelectorsEnabled":true,"webStorageEnabled":false,"rotatable":false,"acceptSslCerts":false,"nativeEvents":true,"proxy":{"proxyType":"direct"}}
[INFO  - 2020-09-10T03:43:34.670Z] SessionManagerReqHand - _postNewSessionCommand - New Session Created: cd8d5350-f317-11ea-93df-019d8281c8e8
[INFO  - 2020-09-10T03:43:39.345Z] ShutdownReqHand - _handle - About to shutdown
[INFO  - 2020-09-10T03:58:11.689Z] GhostDriver - Main - running on port 14347
[INFO  - 2020-09-10T03:58:12.955Z] Session [d90cd410-f319-11ea-b8f3-a91c8dfc89e5] - page.settings - {"XSSAuditingEnabled":false,"javascriptCanCloseWindows":true,"javascriptCanOpenWindows":true,"javascriptEnabled":true,"loadImages":true,"localToRemoteUrlAccessEnabled":false,"userAgent":"Mozilla/5.0 (Windows NT 6.2; WOW64) AppleWebKit/538.1 (KHTML, like Gecko) PhantomJS/2.1.1 Safari/538.1","webSecurityEnabled":true}
[INFO  - 2020-09-10T03:58:12.955Z] Session [d90cd410-f319-11ea-b8f3-a91c8dfc89e5] - page.customHeaders:  - {}
[INFO  - 2020-09-10T03:58:12.955Z] Session [d90cd410-f319-11ea-b8f3-a91c8dfc89e5] - Session.negotiatedCapabilities - {"browserName":"phantomjs","version":"2.1.1","driverName":"ghostdriver","driverVersion":"1.2.0","platform":"windows-10-32bit","javascriptEnabled":true,"takesScreenshot":true,"handlesAlerts":false,"databaseEnabled":false,"locationContextEnabled":false,"applicationCacheEnabled":false,"browserConnectionEnabled":false,"cssSelectorsEnabled":true,"webStorageEnabled":false,"rotatable":false,"acceptSslCerts":false,"nativeEvents":true,"proxy":{"proxyType":"direct"}}
[INFO  - 2020-09-10T03:58:12.957Z] SessionManagerReqHand - _postNewSessionCommand - New Session Created: d90cd410-f319-11ea-b8f3-a91c8dfc89e5
[INFO  - 2020-09-10T03:58:17.757Z] ShutdownReqHand - _handle - About to shutdown
[INFO  - 2020-09-15T07:16:48.840Z] GhostDriver - Main - running on port 34806
[INFO  - 2020-09-15T07:16:49.402Z] Session [6bdf3e10-f723-11ea-8e44-f5b821f59eba] - page.settings - {"XSSAuditingEnabled":false,"javascriptCanCloseWindows":true,"javascriptCanOpenWindows":true,"javascriptEnabled":true,"loadImages":true,"localToRemoteUrlAccessEnabled":false,"userAgent":"Mozilla/5.0 (Windows NT 6.2; WOW64) AppleWebKit/538.1 (KHTML, like Gecko) PhantomJS/2.1.1 Safari/538.1","webSecurityEnabled":true}
[INFO  - 2020-09-15T07:16:49.402Z] Session [6bdf3e10-f723-11ea-8e44-f5b821f59eba] - page.customHeaders:  - {}
[INFO  - 2020-09-15T07:16:49.402Z] Session [6bdf3e10-f723-11ea-8e44-f5b821f59eba] - Session.negotiatedCapabilities - {"browserName":"phantomjs","version":"2.1.1","driverName":"ghostdriver","driverVersion":"1.2.0","platform":"windows-10-32bit","javascriptEnabled":true,"takesScreenshot":true,"handlesAlerts":false,"databaseEnabled":false,"locationContextEnabled":false,"applicationCacheEnabled":false,"browserConnectionEnabled":false,"cssSelectorsEnabled":true,"webStorageEnabled":false,"rotatable":false,"acceptSslCerts":false,"nativeEvents":true,"proxy":{"proxyType":"direct"}}
[INFO  - 2020-09-15T07:16:49.403Z] SessionManagerReqHand - _postNewSessionCommand - New Session Created: 6bdf3e10-f723-11ea-8e44-f5b821f59eba
[INFO  - 2020-09-15T07:16:54.046Z] ShutdownReqHand - _handle - About to shutdown
[INFO  - 2020-11-11T08:47:42.064Z] GhostDriver - Main - running on port 12792
[INFO  - 2020-11-11T08:47:42.718Z] Session [8fd8ac30-23fa-11eb-8200-1dab8d84ad9e] - page.settings - {"XSSAuditingEnabled":false,"javascriptCanCloseWindows":true,"javascriptCanOpenWindows":true,"javascriptEnabled":true,"loadImages":true,"localToRemoteUrlAccessEnabled":false,"userAgent":"Mozilla/5.0 (Windows NT 6.2; WOW64) AppleWebKit/538.1 (KHTML, like Gecko) PhantomJS/2.1.1 Safari/538.1","webSecurityEnabled":true}
[INFO  - 2020-11-11T08:47:42.719Z] Session [8fd8ac30-23fa-11eb-8200-1dab8d84ad9e] - page.customHeaders:  - {}
[INFO  - 2020-11-11T08:47:42.719Z] Session [8fd8ac30-23fa-11eb-8200-1dab8d84ad9e] - Session.negotiatedCapabilities - {"browserName":"phantomjs","version":"2.1.1","driverName":"ghostdriver","driverVersion":"1.2.0","platform":"windows-10-32bit","javascriptEnabled":true,"takesScreenshot":true,"handlesAlerts":false,"databaseEnabled":false,"locationContextEnabled":false,"applicationCacheEnabled":false,"browserConnectionEnabled":false,"cssSelectorsEnabled":true,"webStorageEnabled":false,"rotatable":false,"acceptSslCerts":false,"nativeEvents":true,"proxy":{"proxyType":"direct"}}
[INFO  - 2020-11-11T08:47:42.720Z] SessionManagerReqHand - _postNewSessionCommand - New Session Created: 8fd8ac30-23fa-11eb-8200-1dab8d84ad9e
[ERROR - 2020-11-11T08:47:45.029Z] Session [8fd8ac30-23fa-11eb-8200-1dab8d84ad9e] - page.onError - msg: TypeError: undefined is not an object (evaluating 'this.logs[s-1].time')
[ERROR - 2020-11-11T08:47:45.029Z] Session [8fd8ac30-23fa-11eb-8200-1dab8d84ad9e] - page.onError - stack:
  diffLog (https://ss1.bdstatic.com/5eN1bjq8AAUYm2zgoY3K/r/www/cache/static/protocol/https/amd_modules/@baidu/search-sug_76340ce.js:12)
  b (https://ss1.bdstatic.com/5eN1bjq8AAUYm2zgoY3K/r/www/cache/static/protocol/https/global/js/all_async_search_7b3d5f7.js:25)
  (anonymous function) (https://ss1.bdstatic.com/5eN1bjq8AAUYm2zgoY3K/r/www/cache/static/protocol/https/global/js/all_async_search_7b3d5f7.js:27)
  dispatch (https://dss0.bdstatic.com/5aV1bjqh_Q23odCf/static/superman/js/lib/jquery-1-edb203c114.10.2.js:149)
  handle (https://dss0.bdstatic.com/5aV1bjqh_Q23odCf/static/superman/js/lib/jquery-1-edb203c114.10.2.js:137)
  trigger (https://dss0.bdstatic.com/5aV1bjqh_Q23odCf/static/superman/js/lib/jquery-1-edb203c114.10.2.js:146)
  (anonymous function) (https://dss0.bdstatic.com/5aV1bjqh_Q23odCf/static/superman/js/lib/jquery-1-edb203c114.10.2.js:167)
  each (https://dss0.bdstatic.com/5aV1bjqh_Q23odCf/static/superman/js/lib/jquery-1-edb203c114.10.2.js:17)
  each (https://dss0.bdstatic.com/5aV1bjqh_Q23odCf/static/superman/js/lib/jquery-1-edb203c114.10.2.js:7)
  trigger (https://dss0.bdstatic.com/5aV1bjqh_Q23odCf/static/superman/js/lib/jquery-1-edb203c114.10.2.js:167)
  check (https://ss1.bdstatic.com/5eN1bjq8AAUYm2zgoY3K/r/www/cache/static/protocol/https/amd_modules/@baidu/search-sug_76340ce.js:15)
  (anonymous function) (https://ss1.bdstatic.com/5eN1bjq8AAUYm2zgoY3K/r/www/cache/static/protocol/https/amd_modules/@baidu/search-sug_76340ce.js:16)
  dispatch (https://dss0.bdstatic.com/5aV1bjqh_Q23odCf/static/superman/js/lib/jquery-1-edb203c114.10.2.js:149)
  handle (https://dss0.bdstatic.com/5aV1bjqh_Q23odCf/static/superman/js/lib/jquery-1-edb203c114.10.2.js:137)
  sendEvent (:0)
  _keyEvent (phantomjs://code/inputs.js:325)
  _pressKey (phantomjs://code/inputs.js:280)
  _sendKeys (phantomjs://code/inputs.js:237)
  _postValueCommand (phantomjs://code/webelement_request_handler.js:288)
  _handle (phantomjs://code/webelement_request_handler.js:72)
  _reroute (phantomjs://code/request_handler.js:61)
  _handle (phantomjs://code/session_request_handler.js:120)
  _reroute (phantomjs://code/request_handler.js:61)
  _handle (phantomjs://code/router_request_handler.js:78)
[ERROR - 2020-11-11T08:47:45.032Z] Session [8fd8ac30-23fa-11eb-8200-1dab8d84ad9e] - page.onError - msg: TypeError: undefined is not an object (evaluating 'this.logs[s-1].time')
[ERROR - 2020-11-11T08:47:45.032Z] Session [8fd8ac30-23fa-11eb-8200-1dab8d84ad9e] - page.onError - stack:
  diffLog (https://ss1.bdstatic.com/5eN1bjq8AAUYm2zgoY3K/r/www/cache/static/protocol/https/amd_modules/@baidu/search-sug_76340ce.js:12)
  b (https://ss1.bdstatic.com/5eN1bjq8AAUYm2zgoY3K/r/www/cache/static/protocol/https/global/js/all_async_search_7b3d5f7.js:25)
  (anonymous function) (https://ss1.bdstatic.com/5eN1bjq8AAUYm2zgoY3K/r/www/cache/static/protocol/https/global/js/all_async_search_7b3d5f7.js:27)
  dispatch (https://dss0.bdstatic.com/5aV1bjqh_Q23odCf/static/superman/js/lib/jquery-1-edb203c114.10.2.js:149)
  handle (https://dss0.bdstatic.com/5aV1bjqh_Q23odCf/static/superman/js/lib/jquery-1-edb203c114.10.2.js:137)
  trigger (https://dss0.bdstatic.com/5aV1bjqh_Q23odCf/static/superman/js/lib/jquery-1-edb203c114.10.2.js:146)
  (anonymous function) (https://dss0.bdstatic.com/5aV1bjqh_Q23odCf/static/superman/js/lib/jquery-1-edb203c114.10.2.js:167)
  each (https://dss0.bdstatic.com/5aV1bjqh_Q23odCf/static/superman/js/lib/jquery-1-edb203c114.10.2.js:17)
  each (https://dss0.bdstatic.com/5aV1bjqh_Q23odCf/static/superman/js/lib/jquery-1-edb203c114.10.2.js:7)
  trigger (https://dss0.bdstatic.com/5aV1bjqh_Q23odCf/static/superman/js/lib/jquery-1-edb203c114.10.2.js:167)
  check (https://ss1.bdstatic.com/5eN1bjq8AAUYm2zgoY3K/r/www/cache/static/protocol/https/amd_modules/@baidu/search-sug_76340ce.js:15)
  (anonymous function) (https://ss1.bdstatic.com/5eN1bjq8AAUYm2zgoY3K/r/www/cache/static/protocol/https/amd_modules/@baidu/search-sug_76340ce.js:16)
  dispatch (https://dss0.bdstatic.com/5aV1bjqh_Q23odCf/static/superman/js/lib/jquery-1-edb203c114.10.2.js:149)
  handle (https://dss0.bdstatic.com/5aV1bjqh_Q23odCf/static/superman/js/lib/jquery-1-edb203c114.10.2.js:137)
  sendEvent (:0)
  _keyEvent (phantomjs://code/inputs.js:325)
  _pressKey (phantomjs://code/inputs.js:280)
  _sendKeys (phantomjs://code/inputs.js:237)
  _postValueCommand (phantomjs://code/webelement_request_handler.js:288)
  _handle (phantomjs://code/webelement_request_handler.js:72)
  _reroute (phantomjs://code/request_handler.js:61)
  _handle (phantomjs://code/session_request_handler.js:120)
  _reroute (phantomjs://code/request_handler.js:61)
  _handle (phantomjs://code/router_request_handler.js:78)
[ERROR - 2020-11-11T08:47:45.037Z] Session [8fd8ac30-23fa-11eb-8200-1dab8d84ad9e] - page.onError - msg: TypeError: undefined is not an object (evaluating 'this.logs[s-1].time')
[ERROR - 2020-11-11T08:47:45.037Z] Session [8fd8ac30-23fa-11eb-8200-1dab8d84ad9e] - page.onError - stack:
  diffLog (https://ss1.bdstatic.com/5eN1bjq8AAUYm2zgoY3K/r/www/cache/static/protocol/https/amd_modules/@baidu/search-sug_76340ce.js:12)
  b (https://ss1.bdstatic.com/5eN1bjq8AAUYm2zgoY3K/r/www/cache/static/protocol/https/global/js/all_async_search_7b3d5f7.js:25)
  (anonymous function) (https://ss1.bdstatic.com/5eN1bjq8AAUYm2zgoY3K/r/www/cache/static/protocol/https/global/js/all_async_search_7b3d5f7.js:27)
  dispatch (https://dss0.bdstatic.com/5aV1bjqh_Q23odCf/static/superman/js/lib/jquery-1-edb203c114.10.2.js:149)
  handle (https://dss0.bdstatic.com/5aV1bjqh_Q23odCf/static/superman/js/lib/jquery-1-edb203c114.10.2.js:137)
  trigger (https://dss0.bdstatic.com/5aV1bjqh_Q23odCf/static/superman/js/lib/jquery-1-edb203c114.10.2.js:146)
  (anonymous function) (https://dss0.bdstatic.com/5aV1bjqh_Q23odCf/static/superman/js/lib/jquery-1-edb203c114.10.2.js:167)
  each (https://dss0.bdstatic.com/5aV1bjqh_Q23odCf/static/superman/js/lib/jquery-1-edb203c114.10.2.js:17)
  each (https://dss0.bdstatic.com/5aV1bjqh_Q23odCf/static/superman/js/lib/jquery-1-edb203c114.10.2.js:7)
  trigger (https://dss0.bdstatic.com/5aV1bjqh_Q23odCf/static/superman/js/lib/jquery-1-edb203c114.10.2.js:167)
  check (https://ss1.bdstatic.com/5eN1bjq8AAUYm2zgoY3K/r/www/cache/static/protocol/https/amd_modules/@baidu/search-sug_76340ce.js:15)
  (anonymous function) (https://ss1.bdstatic.com/5eN1bjq8AAUYm2zgoY3K/r/www/cache/static/protocol/https/amd_modules/@baidu/search-sug_76340ce.js:16)
  dispatch (https://dss0.bdstatic.com/5aV1bjqh_Q23odCf/static/superman/js/lib/jquery-1-edb203c114.10.2.js:149)
  handle (https://dss0.bdstatic.com/5aV1bjqh_Q23odCf/static/superman/js/lib/jquery-1-edb203c114.10.2.js:137)
  sendEvent (:0)
  _keyEvent (phantomjs://code/inputs.js:325)
  _pressKey (phantomjs://code/inputs.js:280)
  _sendKeys (phantomjs://code/inputs.js:237)
  _postValueCommand (phantomjs://code/webelement_request_handler.js:288)
  _handle (phantomjs://code/webelement_request_handler.js:72)
  _reroute (phantomjs://code/request_handler.js:61)
  _handle (phantomjs://code/session_request_handler.js:120)
  _reroute (phantomjs://code/request_handler.js:61)
  _handle (phantomjs://code/router_request_handler.js:78)
[ERROR - 2020-11-11T08:47:45.040Z] Session [8fd8ac30-23fa-11eb-8200-1dab8d84ad9e] - page.onError - msg: TypeError: undefined is not an object (evaluating 'this.logs[s-1].time')
[ERROR - 2020-11-11T08:47:45.041Z] Session [8fd8ac30-23fa-11eb-8200-1dab8d84ad9e] - page.onError - stack:
  diffLog (https://ss1.bdstatic.com/5eN1bjq8AAUYm2zgoY3K/r/www/cache/static/protocol/https/amd_modules/@baidu/search-sug_76340ce.js:12)
  b (https://ss1.bdstatic.com/5eN1bjq8AAUYm2zgoY3K/r/www/cache/static/protocol/https/global/js/all_async_search_7b3d5f7.js:25)
  (anonymous function) (https://ss1.bdstatic.com/5eN1bjq8AAUYm2zgoY3K/r/www/cache/static/protocol/https/global/js/all_async_search_7b3d5f7.js:27)
  dispatch (https://dss0.bdstatic.com/5aV1bjqh_Q23odCf/static/superman/js/lib/jquery-1-edb203c114.10.2.js:149)
  handle (https://dss0.bdstatic.com/5aV1bjqh_Q23odCf/static/superman/js/lib/jquery-1-edb203c114.10.2.js:137)
  trigger (https://dss0.bdstatic.com/5aV1bjqh_Q23odCf/static/superman/js/lib/jquery-1-edb203c114.10.2.js:146)
  (anonymous function) (https://dss0.bdstatic.com/5aV1bjqh_Q23odCf/static/superman/js/lib/jquery-1-edb203c114.10.2.js:167)
  each (https://dss0.bdstatic.com/5aV1bjqh_Q23odCf/static/superman/js/lib/jquery-1-edb203c114.10.2.js:17)
  each (https://dss0.bdstatic.com/5aV1bjqh_Q23odCf/static/superman/js/lib/jquery-1-edb203c114.10.2.js:7)
  trigger (https://dss0.bdstatic.com/5aV1bjqh_Q23odCf/static/superman/js/lib/jquery-1-edb203c114.10.2.js:167)
  check (https://ss1.bdstatic.com/5eN1bjq8AAUYm2zgoY3K/r/www/cache/static/protocol/https/amd_modules/@baidu/search-sug_76340ce.js:15)
  (anonymous function) (https://ss1.bdstatic.com/5eN1bjq8AAUYm2zgoY3K/r/www/cache/static/protocol/https/amd_modules/@baidu/search-sug_76340ce.js:16)
  dispatch (https://dss0.bdstatic.com/5aV1bjqh_Q23odCf/static/superman/js/lib/jquery-1-edb203c114.10.2.js:149)
  handle (https://dss0.bdstatic.com/5aV1bjqh_Q23odCf/static/superman/js/lib/jquery-1-edb203c114.10.2.js:137)
  sendEvent (:0)
  _keyEvent (phantomjs://code/inputs.js:325)
  _pressKey (phantomjs://code/inputs.js:280)
  _sendKeys (phantomjs://code/inputs.js:237)
  _postValueCommand (phantomjs://code/webelement_request_handler.js:288)
  _handle (phantomjs://code/webelement_request_handler.js:72)
  _reroute (phantomjs://code/request_handler.js:61)
  _handle (phantomjs://code/session_request_handler.js:120)
  _reroute (phantomjs://code/request_handler.js:61)
  _handle (phantomjs://code/router_request_handler.js:78)
[ERROR - 2020-11-11T08:47:45.044Z] Session [8fd8ac30-23fa-11eb-8200-1dab8d84ad9e] - page.onError - msg: TypeError: undefined is not an object (evaluating 'this.logs[s-1].time')
[ERROR - 2020-11-11T08:47:45.045Z] Session [8fd8ac30-23fa-11eb-8200-1dab8d84ad9e] - page.onError - stack:
  diffLog (https://ss1.bdstatic.com/5eN1bjq8AAUYm2zgoY3K/r/www/cache/static/protocol/https/amd_modules/@baidu/search-sug_76340ce.js:12)
  b (https://ss1.bdstatic.com/5eN1bjq8AAUYm2zgoY3K/r/www/cache/static/protocol/https/global/js/all_async_search_7b3d5f7.js:25)
  (anonymous function) (https://ss1.bdstatic.com/5eN1bjq8AAUYm2zgoY3K/r/www/cache/static/protocol/https/global/js/all_async_search_7b3d5f7.js:27)
  dispatch (https://dss0.bdstatic.com/5aV1bjqh_Q23odCf/static/superman/js/lib/jquery-1-edb203c114.10.2.js:149)
  handle (https://dss0.bdstatic.com/5aV1bjqh_Q23odCf/static/superman/js/lib/jquery-1-edb203c114.10.2.js:137)
  trigger (https://dss0.bdstatic.com/5aV1bjqh_Q23odCf/static/superman/js/lib/jquery-1-edb203c114.10.2.js:146)
  (anonymous function) (https://dss0.bdstatic.com/5aV1bjqh_Q23odCf/static/superman/js/lib/jquery-1-edb203c114.10.2.js:167)
  each (https://dss0.bdstatic.com/5aV1bjqh_Q23odCf/static/superman/js/lib/jquery-1-edb203c114.10.2.js:17)
  each (https://dss0.bdstatic.com/5aV1bjqh_Q23odCf/static/superman/js/lib/jquery-1-edb203c114.10.2.js:7)
  trigger (https://dss0.bdstatic.com/5aV1bjqh_Q23odCf/static/superman/js/lib/jquery-1-edb203c114.10.2.js:167)
  check (https://ss1.bdstatic.com/5eN1bjq8AAUYm2zgoY3K/r/www/cache/static/protocol/https/amd_modules/@baidu/search-sug_76340ce.js:15)
  (anonymous function) (https://ss1.bdstatic.com/5eN1bjq8AAUYm2zgoY3K/r/www/cache/static/protocol/https/amd_modules/@baidu/search-sug_76340ce.js:16)
  dispatch (https://dss0.bdstatic.com/5aV1bjqh_Q23odCf/static/superman/js/lib/jquery-1-edb203c114.10.2.js:149)
  handle (https://dss0.bdstatic.com/5aV1bjqh_Q23odCf/static/superman/js/lib/jquery-1-edb203c114.10.2.js:137)
  sendEvent (:0)
  _keyEvent (phantomjs://code/inputs.js:325)
  _pressKey (phantomjs://code/inputs.js:280)
  _sendKeys (phantomjs://code/inputs.js:237)
  _postValueCommand (phantomjs://code/webelement_request_handler.js:288)
  _handle (phantomjs://code/webelement_request_handler.js:72)
  _reroute (phantomjs://code/request_handler.js:61)
  _handle (phantomjs://code/session_request_handler.js:120)
  _reroute (phantomjs://code/request_handler.js:61)
  _handle (phantomjs://code/router_request_handler.js:78)
[ERROR - 2020-11-11T08:47:45.049Z] Session [8fd8ac30-23fa-11eb-8200-1dab8d84ad9e] - page.onError - msg: TypeError: undefined is not an object (evaluating 'this.logs[s-1].time')
[ERROR - 2020-11-11T08:47:45.050Z] Session [8fd8ac30-23fa-11eb-8200-1dab8d84ad9e] - page.onError - stack:
  diffLog (https://ss1.bdstatic.com/5eN1bjq8AAUYm2zgoY3K/r/www/cache/static/protocol/https/amd_modules/@baidu/search-sug_76340ce.js:12)
  b (https://ss1.bdstatic.com/5eN1bjq8AAUYm2zgoY3K/r/www/cache/static/protocol/https/global/js/all_async_search_7b3d5f7.js:25)
  (anonymous function) (https://ss1.bdstatic.com/5eN1bjq8AAUYm2zgoY3K/r/www/cache/static/protocol/https/global/js/all_async_search_7b3d5f7.js:27)
  dispatch (https://dss0.bdstatic.com/5aV1bjqh_Q23odCf/static/superman/js/lib/jquery-1-edb203c114.10.2.js:149)
  handle (https://dss0.bdstatic.com/5aV1bjqh_Q23odCf/static/superman/js/lib/jquery-1-edb203c114.10.2.js:137)
  trigger (https://dss0.bdstatic.com/5aV1bjqh_Q23odCf/static/superman/js/lib/jquery-1-edb203c114.10.2.js:146)
  (anonymous function) (https://dss0.bdstatic.com/5aV1bjqh_Q23odCf/static/superman/js/lib/jquery-1-edb203c114.10.2.js:167)
  each (https://dss0.bdstatic.com/5aV1bjqh_Q23odCf/static/superman/js/lib/jquery-1-edb203c114.10.2.js:17)
  each (https://dss0.bdstatic.com/5aV1bjqh_Q23odCf/static/superman/js/lib/jquery-1-edb203c114.10.2.js:7)
  trigger (https://dss0.bdstatic.com/5aV1bjqh_Q23odCf/static/superman/js/lib/jquery-1-edb203c114.10.2.js:167)
  check (https://ss1.bdstatic.com/5eN1bjq8AAUYm2zgoY3K/r/www/cache/static/protocol/https/amd_modules/@baidu/search-sug_76340ce.js:15)
  (anonymous function) (https://ss1.bdstatic.com/5eN1bjq8AAUYm2zgoY3K/r/www/cache/static/protocol/https/amd_modules/@baidu/search-sug_76340ce.js:16)
  dispatch (https://dss0.bdstatic.com/5aV1bjqh_Q23odCf/static/superman/js/lib/jquery-1-edb203c114.10.2.js:149)
  handle (https://dss0.bdstatic.com/5aV1bjqh_Q23odCf/static/superman/js/lib/jquery-1-edb203c114.10.2.js:137)
  sendEvent (:0)
  _keyEvent (phantomjs://code/inputs.js:325)
  _pressKey (phantomjs://code/inputs.js:280)
  _sendKeys (phantomjs://code/inputs.js:237)
  _postValueCommand (phantomjs://code/webelement_request_handler.js:288)
  _handle (phantomjs://code/webelement_request_handler.js:72)
  _reroute (phantomjs://code/request_handler.js:61)
  _handle (phantomjs://code/session_request_handler.js:120)
  _reroute (phantomjs://code/request_handler.js:61)
  _handle (phantomjs://code/router_request_handler.js:78)
[ERROR - 2020-11-11T08:47:45.054Z] Session [8fd8ac30-23fa-11eb-8200-1dab8d84ad9e] - page.onError - msg: TypeError: undefined is not an object (evaluating 'this.logs[s-1].time')
[ERROR - 2020-11-11T08:47:45.055Z] Session [8fd8ac30-23fa-11eb-8200-1dab8d84ad9e] - page.onError - stack:
  diffLog (https://ss1.bdstatic.com/5eN1bjq8AAUYm2zgoY3K/r/www/cache/static/protocol/https/amd_modules/@baidu/search-sug_76340ce.js:12)
  b (https://ss1.bdstatic.com/5eN1bjq8AAUYm2zgoY3K/r/www/cache/static/protocol/https/global/js/all_async_search_7b3d5f7.js:25)
  (anonymous function) (https://ss1.bdstatic.com/5eN1bjq8AAUYm2zgoY3K/r/www/cache/static/protocol/https/global/js/all_async_search_7b3d5f7.js:27)
  dispatch (https://dss0.bdstatic.com/5aV1bjqh_Q23odCf/static/superman/js/lib/jquery-1-edb203c114.10.2.js:149)
  handle (https://dss0.bdstatic.com/5aV1bjqh_Q23odCf/static/superman/js/lib/jquery-1-edb203c114.10.2.js:137)
  trigger (https://dss0.bdstatic.com/5aV1bjqh_Q23odCf/static/superman/js/lib/jquery-1-edb203c114.10.2.js:146)
  (anonymous function) (https://dss0.bdstatic.com/5aV1bjqh_Q23odCf/static/superman/js/lib/jquery-1-edb203c114.10.2.js:167)
  each (https://dss0.bdstatic.com/5aV1bjqh_Q23odCf/static/superman/js/lib/jquery-1-edb203c114.10.2.js:17)
  each (https://dss0.bdstatic.com/5aV1bjqh_Q23odCf/static/superman/js/lib/jquery-1-edb203c114.10.2.js:7)
  trigger (https://dss0.bdstatic.com/5aV1bjqh_Q23odCf/static/superman/js/lib/jquery-1-edb203c114.10.2.js:167)
  check (https://ss1.bdstatic.com/5eN1bjq8AAUYm2zgoY3K/r/www/cache/static/protocol/https/amd_modules/@baidu/search-sug_76340ce.js:15)
  (anonymous function) (https://ss1.bdstatic.com/5eN1bjq8AAUYm2zgoY3K/r/www/cache/static/protocol/https/amd_modules/@baidu/search-sug_76340ce.js:16)
  dispatch (https://dss0.bdstatic.com/5aV1bjqh_Q23odCf/static/superman/js/lib/jquery-1-edb203c114.10.2.js:149)
  handle (https://dss0.bdstatic.com/5aV1bjqh_Q23odCf/static/superman/js/lib/jquery-1-edb203c114.10.2.js:137)
  sendEvent (:0)
  _keyEvent (phantomjs://code/inputs.js:325)
  _pressKey (phantomjs://code/inputs.js:280)
  _sendKeys (phantomjs://code/inputs.js:231)
  _postValueCommand (phantomjs://code/webelement_request_handler.js:288)
  _handle (phantomjs://code/webelement_request_handler.js:72)
  _reroute (phantomjs://code/request_handler.js:61)
  _handle (phantomjs://code/session_request_handler.js:120)
  _reroute (phantomjs://code/request_handler.js:61)
  _handle (phantomjs://code/router_request_handler.js:78)
[ERROR - 2020-11-11T08:47:45.062Z] Session [8fd8ac30-23fa-11eb-8200-1dab8d84ad9e] - page.onError - msg: TypeError: undefined is not an object (evaluating 'this.logs[s-1].time')
[ERROR - 2020-11-11T08:47:45.062Z] Session [8fd8ac30-23fa-11eb-8200-1dab8d84ad9e] - page.onError - stack:
  diffLog (https://ss1.bdstatic.com/5eN1bjq8AAUYm2zgoY3K/r/www/cache/static/protocol/https/amd_modules/@baidu/search-sug_76340ce.js:12)
  b (https://ss1.bdstatic.com/5eN1bjq8AAUYm2zgoY3K/r/www/cache/static/protocol/https/global/js/all_async_search_7b3d5f7.js:25)
  (anonymous function) (https://ss1.bdstatic.com/5eN1bjq8AAUYm2zgoY3K/r/www/cache/static/protocol/https/global/js/all_async_search_7b3d5f7.js:27)
  dispatch (https://dss0.bdstatic.com/5aV1bjqh_Q23odCf/static/superman/js/lib/jquery-1-edb203c114.10.2.js:149)
  handle (https://dss0.bdstatic.com/5aV1bjqh_Q23odCf/static/superman/js/lib/jquery-1-edb203c114.10.2.js:137)
  trigger (https://dss0.bdstatic.com/5aV1bjqh_Q23odCf/static/superman/js/lib/jquery-1-edb203c114.10.2.js:146)
  (anonymous function) (https://dss0.bdstatic.com/5aV1bjqh_Q23odCf/static/superman/js/lib/jquery-1-edb203c114.10.2.js:167)
  each (https://dss0.bdstatic.com/5aV1bjqh_Q23odCf/static/superman/js/lib/jquery-1-edb203c114.10.2.js:17)
  each (https://dss0.bdstatic.com/5aV1bjqh_Q23odCf/static/superman/js/lib/jquery-1-edb203c114.10.2.js:7)
  trigger (https://dss0.bdstatic.com/5aV1bjqh_Q23odCf/static/superman/js/lib/jquery-1-edb203c114.10.2.js:167)
  check (https://ss1.bdstatic.com/5eN1bjq8AAUYm2zgoY3K/r/www/cache/static/protocol/https/amd_modules/@baidu/search-sug_76340ce.js:15)
  (anonymous function) (https://ss1.bdstatic.com/5eN1bjq8AAUYm2zgoY3K/r/www/cache/static/protocol/https/amd_modules/@baidu/search-sug_76340ce.js:16)
  dispatch (https://dss0.bdstatic.com/5aV1bjqh_Q23odCf/static/superman/js/lib/jquery-1-edb203c114.10.2.js:149)
  handle (https://dss0.bdstatic.com/5aV1bjqh_Q23odCf/static/superman/js/lib/jquery-1-edb203c114.10.2.js:137)
  sendEvent (:0)
  _keyEvent (phantomjs://code/inputs.js:325)
  _pressKey (phantomjs://code/inputs.js:280)
  _sendKeys (phantomjs://code/inputs.js:231)
  _postValueCommand (phantomjs://code/webelement_request_handler.js:288)
  _handle (phantomjs://code/webelement_request_handler.js:72)
  _reroute (phantomjs://code/request_handler.js:61)
  _handle (phantomjs://code/session_request_handler.js:120)
  _reroute (phantomjs://code/request_handler.js:61)
  _handle (phantomjs://code/router_request_handler.js:78)
[INFO  - 2020-11-11T08:47:48.088Z] ShutdownReqHand - _handle - About to shutdown
